2018-12-13T00:16:01+00:00 CRITICAL Uncaught Error: Class 'WP_Widget_Pic_Letter' not found in E:\www\wordpress\wp-includes\class-wp-widget-factory.php:100
Stack trace:
#0 E:\www\wordpress\wp-includes\widgets.php(115): WP_Widget_Factory->register('WP_Widget_Pic_L...')
#1 E:\www\wordpress\wp-includes\widgets.php(1656): register_widget('WP_Widget_Pic_L...')
#2 E:\www\wordpress\wp-includes\class-wp-hook.php(286): wp_widgets_init('')
#3 E:\www\wordpress\wp-includes\class-wp-hook.php(310): WP_Hook->apply_filters(NULL, Array)
#4 E:\www\wordpress\wp-includes\plugin.php(453): WP_Hook->do_action(Array)
#5 E:\www\wordpress\wp-settings.php(467): do_action('init')
#6 E:\www\wordpress\wp-config.php(89): require_once('E:\\www\\wordpres...')
#7 E:\www\wordpress\wp-load.php(37): require_once('E:\\www\\wordpres...')
#8 E:\www\wordpress\wp-admin\admin.php(31): require_once('E:\\www\\wordpres...')
#9 E:\www\wordpress\wp-admin\widgets.php(10): require_once('E:\\www\\wordpres...')
#10 {main}
  thrown, em E:\www\wordpress\wp-includes\class-wp-widget-factory.php, na linha 100

2018-12-13T00:16:08+00:00 CRITICAL Uncaught Error: Class 'WP_Widget_Pic_Letter' not found in E:\www\wordpress\wp-includes\class-wp-widget-factory.php:100
Stack trace:
#0 E:\www\wordpress\wp-includes\widgets.php(115): WP_Widget_Factory->register('WP_Widget_Pic_L...')
#1 E:\www\wordpress\wp-includes\widgets.php(1656): register_widget('WP_Widget_Pic_L...')
#2 E:\www\wordpress\wp-includes\class-wp-hook.php(286): wp_widgets_init('')
#3 E:\www\wordpress\wp-includes\class-wp-hook.php(310): WP_Hook->apply_filters(NULL, Array)
#4 E:\www\wordpress\wp-includes\plugin.php(453): WP_Hook->do_action(Array)
#5 E:\www\wordpress\wp-settings.php(467): do_action('init')
#6 E:\www\wordpress\wp-config.php(89): require_once('E:\\www\\wordpres...')
#7 E:\www\wordpress\wp-load.php(37): require_once('E:\\www\\wordpres...')
#8 E:\www\wordpress\wp-admin\admin-ajax.php(22): require_once('E:\\www\\wordpres...')
#9 {main}
  thrown, em E:\www\wordpress\wp-includes\class-wp-widget-factory.php, na linha 100

2018-12-13T00:18:10+00:00 CRITICAL Uncaught Error: Class 'WP_Widget_Pic_Letter' not found in E:\www\wordpress\wp-includes\class-wp-widget-factory.php:100
Stack trace:
#0 E:\www\wordpress\wp-includes\widgets.php(115): WP_Widget_Factory->register('WP_Widget_Pic_L...')
#1 E:\www\wordpress\wp-includes\widgets.php(1656): register_widget('WP_Widget_Pic_L...')
#2 E:\www\wordpress\wp-includes\class-wp-hook.php(286): wp_widgets_init('')
#3 E:\www\wordpress\wp-includes\class-wp-hook.php(310): WP_Hook->apply_filters(NULL, Array)
#4 E:\www\wordpress\wp-includes\plugin.php(453): WP_Hook->do_action(Array)
#5 E:\www\wordpress\wp-settings.php(467): do_action('init')
#6 E:\www\wordpress\wp-config.php(89): require_once('E:\\www\\wordpres...')
#7 E:\www\wordpress\wp-load.php(37): require_once('E:\\www\\wordpres...')
#8 E:\www\wordpress\wp-admin\admin-ajax.php(22): require_once('E:\\www\\wordpres...')
#9 {main}
  thrown, em E:\www\wordpress\wp-includes\class-wp-widget-factory.php, na linha 100

2018-12-13T00:20:11+00:00 CRITICAL Uncaught Error: Class 'WP_Widget_Pic_Letter' not found in E:\www\wordpress\wp-includes\class-wp-widget-factory.php:100
Stack trace:
#0 E:\www\wordpress\wp-includes\widgets.php(115): WP_Widget_Factory->register('WP_Widget_Pic_L...')
#1 E:\www\wordpress\wp-includes\widgets.php(1656): register_widget('WP_Widget_Pic_L...')
#2 E:\www\wordpress\wp-includes\class-wp-hook.php(286): wp_widgets_init('')
#3 E:\www\wordpress\wp-includes\class-wp-hook.php(310): WP_Hook->apply_filters(NULL, Array)
#4 E:\www\wordpress\wp-includes\plugin.php(453): WP_Hook->do_action(Array)
#5 E:\www\wordpress\wp-settings.php(467): do_action('init')
#6 E:\www\wordpress\wp-config.php(89): require_once('E:\\www\\wordpres...')
#7 E:\www\wordpress\wp-load.php(37): require_once('E:\\www\\wordpres...')
#8 E:\www\wordpress\wp-admin\admin-ajax.php(22): require_once('E:\\www\\wordpres...')
#9 {main}
  thrown, em E:\www\wordpress\wp-includes\class-wp-widget-factory.php, na linha 100

2018-12-13T00:22:12+00:00 CRITICAL Uncaught Error: Class 'WP_Widget_Pic_Letter' not found in E:\www\wordpress\wp-includes\class-wp-widget-factory.php:100
Stack trace:
#0 E:\www\wordpress\wp-includes\widgets.php(115): WP_Widget_Factory->register('WP_Widget_Pic_L...')
#1 E:\www\wordpress\wp-includes\widgets.php(1656): register_widget('WP_Widget_Pic_L...')
#2 E:\www\wordpress\wp-includes\class-wp-hook.php(286): wp_widgets_init('')
#3 E:\www\wordpress\wp-includes\class-wp-hook.php(310): WP_Hook->apply_filters(NULL, Array)
#4 E:\www\wordpress\wp-includes\plugin.php(453): WP_Hook->do_action(Array)
#5 E:\www\wordpress\wp-settings.php(467): do_action('init')
#6 E:\www\wordpress\wp-config.php(89): require_once('E:\\www\\wordpres...')
#7 E:\www\wordpress\wp-load.php(37): require_once('E:\\www\\wordpres...')
#8 E:\www\wordpress\wp-admin\admin-ajax.php(22): require_once('E:\\www\\wordpres...')
#9 {main}
  thrown, em E:\www\wordpress\wp-includes\class-wp-widget-factory.php, na linha 100

2018-12-13T00:24:13+00:00 CRITICAL Uncaught Error: Class 'WP_Widget_Pic_Letter' not found in E:\www\wordpress\wp-includes\class-wp-widget-factory.php:100
Stack trace:
#0 E:\www\wordpress\wp-includes\widgets.php(115): WP_Widget_Factory->register('WP_Widget_Pic_L...')
#1 E:\www\wordpress\wp-includes\widgets.php(1656): register_widget('WP_Widget_Pic_L...')
#2 E:\www\wordpress\wp-includes\class-wp-hook.php(286): wp_widgets_init('')
#3 E:\www\wordpress\wp-includes\class-wp-hook.php(310): WP_Hook->apply_filters(NULL, Array)
#4 E:\www\wordpress\wp-includes\plugin.php(453): WP_Hook->do_action(Array)
#5 E:\www\wordpress\wp-settings.php(467): do_action('init')
#6 E:\www\wordpress\wp-config.php(89): require_once('E:\\www\\wordpres...')
#7 E:\www\wordpress\wp-load.php(37): require_once('E:\\www\\wordpres...')
#8 E:\www\wordpress\wp-admin\admin-ajax.php(22): require_once('E:\\www\\wordpres...')
#9 {main}
  thrown, em E:\www\wordpress\wp-includes\class-wp-widget-factory.php, na linha 100

2018-12-13T00:24:54+00:00 CRITICAL Uncaught Error: Class 'WP_Widget_Pic_Letter' not found in E:\www\wordpress\wp-includes\class-wp-widget-factory.php:100
Stack trace:
#0 E:\www\wordpress\wp-includes\widgets.php(115): WP_Widget_Factory->register('WP_Widget_Pic_L...')
#1 E:\www\wordpress\wp-includes\widgets.php(1656): register_widget('WP_Widget_Pic_L...')
#2 E:\www\wordpress\wp-includes\class-wp-hook.php(286): wp_widgets_init('')
#3 E:\www\wordpress\wp-includes\class-wp-hook.php(310): WP_Hook->apply_filters(NULL, Array)
#4 E:\www\wordpress\wp-includes\plugin.php(453): WP_Hook->do_action(Array)
#5 E:\www\wordpress\wp-settings.php(467): do_action('init')
#6 E:\www\wordpress\wp-config.php(89): require_once('E:\\www\\wordpres...')
#7 E:\www\wordpress\wp-load.php(37): require_once('E:\\www\\wordpres...')
#8 E:\www\wordpress\wp-admin\admin.php(31): require_once('E:\\www\\wordpres...')
#9 E:\www\wordpress\wp-admin\widgets.php(10): require_once('E:\\www\\wordpres...')
#10 {main}
  thrown, em E:\www\wordpress\wp-includes\class-wp-widget-factory.php, na linha 100

2018-12-13T00:26:14+00:00 CRITICAL Uncaught Error: Class 'WP_Widget_Pic_Letter' not found in E:\www\wordpress\wp-includes\class-wp-widget-factory.php:100
Stack trace:
#0 E:\www\wordpress\wp-includes\widgets.php(115): WP_Widget_Factory->register('WP_Widget_Pic_L...')
#1 E:\www\wordpress\wp-includes\widgets.php(1656): register_widget('WP_Widget_Pic_L...')
#2 E:\www\wordpress\wp-includes\class-wp-hook.php(286): wp_widgets_init('')
#3 E:\www\wordpress\wp-includes\class-wp-hook.php(310): WP_Hook->apply_filters(NULL, Array)
#4 E:\www\wordpress\wp-includes\plugin.php(453): WP_Hook->do_action(Array)
#5 E:\www\wordpress\wp-settings.php(467): do_action('init')
#6 E:\www\wordpress\wp-config.php(89): require_once('E:\\www\\wordpres...')
#7 E:\www\wordpress\wp-load.php(37): require_once('E:\\www\\wordpres...')
#8 E:\www\wordpress\wp-admin\admin-ajax.php(22): require_once('E:\\www\\wordpres...')
#9 {main}
  thrown, em E:\www\wordpress\wp-includes\class-wp-widget-factory.php, na linha 100

2018-12-13T00:28:15+00:00 CRITICAL Uncaught Error: Class 'WP_Widget_Pic_Letter' not found in E:\www\wordpress\wp-includes\class-wp-widget-factory.php:100
Stack trace:
#0 E:\www\wordpress\wp-includes\widgets.php(115): WP_Widget_Factory->register('WP_Widget_Pic_L...')
#1 E:\www\wordpress\wp-includes\widgets.php(1656): register_widget('WP_Widget_Pic_L...')
#2 E:\www\wordpress\wp-includes\class-wp-hook.php(286): wp_widgets_init('')
#3 E:\www\wordpress\wp-includes\class-wp-hook.php(310): WP_Hook->apply_filters(NULL, Array)
#4 E:\www\wordpress\wp-includes\plugin.php(453): WP_Hook->do_action(Array)
#5 E:\www\wordpress\wp-settings.php(467): do_action('init')
#6 E:\www\wordpress\wp-config.php(89): require_once('E:\\www\\wordpres...')
#7 E:\www\wordpress\wp-load.php(37): require_once('E:\\www\\wordpres...')
#8 E:\www\wordpress\wp-admin\admin-ajax.php(22): require_once('E:\\www\\wordpres...')
#9 {main}
  thrown, em E:\www\wordpress\wp-includes\class-wp-widget-factory.php, na linha 100

2018-12-13T00:30:16+00:00 CRITICAL Uncaught Error: Class 'WP_Widget_Pic_Letter' not found in E:\www\wordpress\wp-includes\class-wp-widget-factory.php:100
Stack trace:
#0 E:\www\wordpress\wp-includes\widgets.php(115): WP_Widget_Factory->register('WP_Widget_Pic_L...')
#1 E:\www\wordpress\wp-includes\widgets.php(1656): register_widget('WP_Widget_Pic_L...')
#2 E:\www\wordpress\wp-includes\class-wp-hook.php(286): wp_widgets_init('')
#3 E:\www\wordpress\wp-includes\class-wp-hook.php(310): WP_Hook->apply_filters(NULL, Array)
#4 E:\www\wordpress\wp-includes\plugin.php(453): WP_Hook->do_action(Array)
#5 E:\www\wordpress\wp-settings.php(467): do_action('init')
#6 E:\www\wordpress\wp-config.php(89): require_once('E:\\www\\wordpres...')
#7 E:\www\wordpress\wp-load.php(37): require_once('E:\\www\\wordpres...')
#8 E:\www\wordpress\wp-admin\admin-ajax.php(22): require_once('E:\\www\\wordpres...')
#9 {main}
  thrown, em E:\www\wordpress\wp-includes\class-wp-widget-factory.php, na linha 100

2018-12-13T00:32:17+00:00 CRITICAL Uncaught Error: Class 'WP_Widget_Pic_Letter' not found in E:\www\wordpress\wp-includes\class-wp-widget-factory.php:100
Stack trace:
#0 E:\www\wordpress\wp-includes\widgets.php(115): WP_Widget_Factory->register('WP_Widget_Pic_L...')
#1 E:\www\wordpress\wp-includes\widgets.php(1656): register_widget('WP_Widget_Pic_L...')
#2 E:\www\wordpress\wp-includes\class-wp-hook.php(286): wp_widgets_init('')
#3 E:\www\wordpress\wp-includes\class-wp-hook.php(310): WP_Hook->apply_filters(NULL, Array)
#4 E:\www\wordpress\wp-includes\plugin.php(453): WP_Hook->do_action(Array)
#5 E:\www\wordpress\wp-settings.php(467): do_action('init')
#6 E:\www\wordpress\wp-config.php(89): require_once('E:\\www\\wordpres...')
#7 E:\www\wordpress\wp-load.php(37): require_once('E:\\www\\wordpres...')
#8 E:\www\wordpress\wp-admin\admin-ajax.php(22): require_once('E:\\www\\wordpres...')
#9 {main}
  thrown, em E:\www\wordpress\wp-includes\class-wp-widget-factory.php, na linha 100

2018-12-13T00:34:18+00:00 CRITICAL Uncaught Error: Class 'WP_Widget_Pic_Letter' not found in E:\www\wordpress\wp-includes\class-wp-widget-factory.php:100
Stack trace:
#0 E:\www\wordpress\wp-includes\widgets.php(115): WP_Widget_Factory->register('WP_Widget_Pic_L...')
#1 E:\www\wordpress\wp-includes\widgets.php(1656): register_widget('WP_Widget_Pic_L...')
#2 E:\www\wordpress\wp-includes\class-wp-hook.php(286): wp_widgets_init('')
#3 E:\www\wordpress\wp-includes\class-wp-hook.php(310): WP_Hook->apply_filters(NULL, Array)
#4 E:\www\wordpress\wp-includes\plugin.php(453): WP_Hook->do_action(Array)
#5 E:\www\wordpress\wp-settings.php(467): do_action('init')
#6 E:\www\wordpress\wp-config.php(89): require_once('E:\\www\\wordpres...')
#7 E:\www\wordpress\wp-load.php(37): require_once('E:\\www\\wordpres...')
#8 E:\www\wordpress\wp-admin\admin-ajax.php(22): require_once('E:\\www\\wordpres...')
#9 {main}
  thrown, em E:\www\wordpress\wp-includes\class-wp-widget-factory.php, na linha 100

2018-12-13T00:36:19+00:00 CRITICAL Uncaught Error: Class 'WP_Widget_Pic_Letter' not found in E:\www\wordpress\wp-includes\class-wp-widget-factory.php:100
Stack trace:
#0 E:\www\wordpress\wp-includes\widgets.php(115): WP_Widget_Factory->register('WP_Widget_Pic_L...')
#1 E:\www\wordpress\wp-includes\widgets.php(1656): register_widget('WP_Widget_Pic_L...')
#2 E:\www\wordpress\wp-includes\class-wp-hook.php(286): wp_widgets_init('')
#3 E:\www\wordpress\wp-includes\class-wp-hook.php(310): WP_Hook->apply_filters(NULL, Array)
#4 E:\www\wordpress\wp-includes\plugin.php(453): WP_Hook->do_action(Array)
#5 E:\www\wordpress\wp-settings.php(467): do_action('init')
#6 E:\www\wordpress\wp-config.php(89): require_once('E:\\www\\wordpres...')
#7 E:\www\wordpress\wp-load.php(37): require_once('E:\\www\\wordpres...')
#8 E:\www\wordpress\wp-admin\admin-ajax.php(22): require_once('E:\\www\\wordpres...')
#9 {main}
  thrown, em E:\www\wordpress\wp-includes\class-wp-widget-factory.php, na linha 100

2018-12-13T00:37:03+00:00 CRITICAL Uncaught Error: Class 'WP_Widget_Pic_Letter' not found in E:\www\wordpress\wp-includes\class-wp-widget-factory.php:100
Stack trace:
#0 E:\www\wordpress\wp-includes\widgets.php(115): WP_Widget_Factory->register('WP_Widget_Pic_L...')
#1 E:\www\wordpress\wp-includes\widgets.php(1656): register_widget('WP_Widget_Pic_L...')
#2 E:\www\wordpress\wp-includes\class-wp-hook.php(286): wp_widgets_init('')
#3 E:\www\wordpress\wp-includes\class-wp-hook.php(310): WP_Hook->apply_filters(NULL, Array)
#4 E:\www\wordpress\wp-includes\plugin.php(453): WP_Hook->do_action(Array)
#5 E:\www\wordpress\wp-settings.php(467): do_action('init')
#6 E:\www\wordpress\wp-config.php(89): require_once('E:\\www\\wordpres...')
#7 E:\www\wordpress\wp-load.php(37): require_once('E:\\www\\wordpres...')
#8 E:\www\wordpress\wp-admin\admin.php(31): require_once('E:\\www\\wordpres...')
#9 E:\www\wordpress\wp-admin\widgets.php(10): require_once('E:\\www\\wordpres...')
#10 {main}
  thrown, em E:\www\wordpress\wp-includes\class-wp-widget-factory.php, na linha 100

2018-12-13T00:37:06+00:00 CRITICAL Uncaught Error: Class 'WP_Widget_Pic_Letter' not found in E:\www\wordpress\wp-includes\class-wp-widget-factory.php:100
Stack trace:
#0 E:\www\wordpress\wp-includes\widgets.php(115): WP_Widget_Factory->register('WP_Widget_Pic_L...')
#1 E:\www\wordpress\wp-includes\widgets.php(1656): register_widget('WP_Widget_Pic_L...')
#2 E:\www\wordpress\wp-includes\class-wp-hook.php(286): wp_widgets_init('')
#3 E:\www\wordpress\wp-includes\class-wp-hook.php(310): WP_Hook->apply_filters(NULL, Array)
#4 E:\www\wordpress\wp-includes\plugin.php(453): WP_Hook->do_action(Array)
#5 E:\www\wordpress\wp-settings.php(467): do_action('init')
#6 E:\www\wordpress\wp-config.php(89): require_once('E:\\www\\wordpres...')
#7 E:\www\wordpress\wp-load.php(37): require_once('E:\\www\\wordpres...')
#8 E:\www\wordpress\wp-admin\admin.php(31): require_once('E:\\www\\wordpres...')
#9 E:\www\wordpress\wp-admin\widgets.php(10): require_once('E:\\www\\wordpres...')
#10 {main}
  thrown, em E:\www\wordpress\wp-includes\class-wp-widget-factory.php, na linha 100

2018-12-13T00:37:06+00:00 CRITICAL Uncaught Error: Class 'WP_Widget_Pic_Letter' not found in E:\www\wordpress\wp-includes\class-wp-widget-factory.php:100
Stack trace:
#0 E:\www\wordpress\wp-includes\widgets.php(115): WP_Widget_Factory->register('WP_Widget_Pic_L...')
#1 E:\www\wordpress\wp-includes\widgets.php(1656): register_widget('WP_Widget_Pic_L...')
#2 E:\www\wordpress\wp-includes\class-wp-hook.php(286): wp_widgets_init('')
#3 E:\www\wordpress\wp-includes\class-wp-hook.php(310): WP_Hook->apply_filters(NULL, Array)
#4 E:\www\wordpress\wp-includes\plugin.php(453): WP_Hook->do_action(Array)
#5 E:\www\wordpress\wp-settings.php(467): do_action('init')
#6 E:\www\wordpress\wp-config.php(89): require_once('E:\\www\\wordpres...')
#7 E:\www\wordpress\wp-load.php(37): require_once('E:\\www\\wordpres...')
#8 E:\www\wordpress\wp-admin\admin.php(31): require_once('E:\\www\\wordpres...')
#9 E:\www\wordpress\wp-admin\widgets.php(10): require_once('E:\\www\\wordpres...')
#10 {main}
  thrown, em E:\www\wordpress\wp-includes\class-wp-widget-factory.php, na linha 100

2018-12-13T00:37:07+00:00 CRITICAL Uncaught Error: Class 'WP_Widget_Pic_Letter' not found in E:\www\wordpress\wp-includes\class-wp-widget-factory.php:100
Stack trace:
#0 E:\www\wordpress\wp-includes\widgets.php(115): WP_Widget_Factory->register('WP_Widget_Pic_L...')
#1 E:\www\wordpress\wp-includes\widgets.php(1656): register_widget('WP_Widget_Pic_L...')
#2 E:\www\wordpress\wp-includes\class-wp-hook.php(286): wp_widgets_init('')
#3 E:\www\wordpress\wp-includes\class-wp-hook.php(310): WP_Hook->apply_filters(NULL, Array)
#4 E:\www\wordpress\wp-includes\plugin.php(453): WP_Hook->do_action(Array)
#5 E:\www\wordpress\wp-settings.php(467): do_action('init')
#6 E:\www\wordpress\wp-config.php(89): require_once('E:\\www\\wordpres...')
#7 E:\www\wordpress\wp-load.php(37): require_once('E:\\www\\wordpres...')
#8 E:\www\wordpress\wp-admin\admin.php(31): require_once('E:\\www\\wordpres...')
#9 E:\www\wordpress\wp-admin\widgets.php(10): require_once('E:\\www\\wordpres...')
#10 {main}
  thrown, em E:\www\wordpress\wp-includes\class-wp-widget-factory.php, na linha 100

2018-12-13T00:48:25+00:00 CRITICAL Uncaught Error: Class 'WP_Widget_Pic_Letter' not found in E:\www\wordpress\wp-includes\class-wp-widget-factory.php:100
Stack trace:
#0 E:\www\wordpress\wp-includes\widgets.php(115): WP_Widget_Factory->register('WP_Widget_Pic_L...')
#1 E:\www\wordpress\wp-includes\widgets.php(1657): register_widget('WP_Widget_Pic_L...')
#2 E:\www\wordpress\wp-includes\class-wp-hook.php(286): wp_widgets_init('')
#3 E:\www\wordpress\wp-includes\class-wp-hook.php(310): WP_Hook->apply_filters(NULL, Array)
#4 E:\www\wordpress\wp-includes\plugin.php(453): WP_Hook->do_action(Array)
#5 E:\www\wordpress\wp-settings.php(470): do_action('init')
#6 E:\www\wordpress\wp-config.php(89): require_once('E:\\www\\wordpres...')
#7 E:\www\wordpress\wp-load.php(37): require_once('E:\\www\\wordpres...')
#8 E:\www\wordpress\wp-admin\admin-ajax.php(22): require_once('E:\\www\\wordpres...')
#9 {main}
  thrown, em E:\www\wordpress\wp-includes\class-wp-widget-factory.php, na linha 100

2018-12-13T00:48:34+00:00 CRITICAL Uncaught Error: Class 'WP_Widget_Pic_Letter' not found in E:\www\wordpress\wp-includes\class-wp-widget-factory.php:100
Stack trace:
#0 E:\www\wordpress\wp-includes\widgets.php(115): WP_Widget_Factory->register('WP_Widget_Pic_L...')
#1 E:\www\wordpress\wp-includes\widgets.php(1657): register_widget('WP_Widget_Pic_L...')
#2 E:\www\wordpress\wp-includes\class-wp-hook.php(286): wp_widgets_init('')
#3 E:\www\wordpress\wp-includes\class-wp-hook.php(310): WP_Hook->apply_filters(NULL, Array)
#4 E:\www\wordpress\wp-includes\plugin.php(453): WP_Hook->do_action(Array)
#5 E:\www\wordpress\wp-settings.php(470): do_action('init')
#6 E:\www\wordpress\wp-config.php(89): require_once('E:\\www\\wordpres...')
#7 E:\www\wordpress\wp-load.php(37): require_once('E:\\www\\wordpres...')
#8 E:\www\wordpress\wp-admin\admin.php(31): require_once('E:\\www\\wordpres...')
#9 E:\www\wordpress\wp-admin\widgets.php(10): require_once('E:\\www\\wordpres...')
#10 {main}
  thrown, em E:\www\wordpress\wp-includes\class-wp-widget-factory.php, na linha 100

2018-12-13T01:24:41+00:00 CRITICAL require_once(): Failed opening required 'E:\www\wordpress/wp-includes/widgets/class-wp-widget-pic-letter.php' (include_path='.;C:\php\pear'), em E:\www\wordpress\wp-includes\default-widgets.php, na linha 68

2018-12-13T01:25:57+00:00 CRITICAL require_once(): Failed opening required 'E:\www\wordpress/wp-includes/widgets/class-wp-widget-pic-letter.php' (include_path='.;C:\php\pear'), em E:\www\wordpress\wp-includes\default-widgets.php, na linha 68

2018-12-13T01:26:42+00:00 CRITICAL require_once(): Failed opening required 'E:\www\wordpress/wp-includes/widgets/class-wp-widget-pic-letter.php' (include_path='.;C:\php\pear'), em E:\www\wordpress\wp-includes\default-widgets.php, na linha 68

2018-12-13T01:26:57+00:00 CRITICAL require_once(): Failed opening required 'E:\www\wordpress/wp-includes/widgets/class-wp-widget-pic-letter.php' (include_path='.;C:\php\pear'), em E:\www\wordpress\wp-includes\default-widgets.php, na linha 68

2018-12-13T01:28:41+00:00 CRITICAL require_once(): Failed opening required 'E:\www\wordpress/wp-includes/widgets/class-wp-widget-pic-letter.php' (include_path='.;C:\php\pear'), em E:\www\wordpress\wp-includes\default-widgets.php, na linha 68

2018-12-13T01:28:59+00:00 CRITICAL require_once(): Failed opening required 'E:\www\wordpress/wp-includes/widgets/class-wp-widget-pic-letter.php' (include_path='.;C:\php\pear'), em E:\www\wordpress\wp-includes\default-widgets.php, na linha 68

2018-12-13T01:30:42+00:00 CRITICAL require_once(): Failed opening required 'E:\www\wordpress/wp-includes/widgets/class-wp-widget-pic-letter.php' (include_path='.;C:\php\pear'), em E:\www\wordpress\wp-includes\default-widgets.php, na linha 68

2018-12-13T01:31:00+00:00 CRITICAL require_once(): Failed opening required 'E:\www\wordpress/wp-includes/widgets/class-wp-widget-pic-letter.php' (include_path='.;C:\php\pear'), em E:\www\wordpress\wp-includes\default-widgets.php, na linha 68

2018-12-13T01:32:44+00:00 CRITICAL require_once(): Failed opening required 'E:\www\wordpress/wp-includes/widgets/class-wp-widget-pic-letter.php' (include_path='.;C:\php\pear'), em E:\www\wordpress\wp-includes\default-widgets.php, na linha 68

2018-12-13T01:33:01+00:00 CRITICAL require_once(): Failed opening required 'E:\www\wordpress/wp-includes/widgets/class-wp-widget-pic-letter.php' (include_path='.;C:\php\pear'), em E:\www\wordpress\wp-includes\default-widgets.php, na linha 68

2018-12-13T01:34:43+00:00 CRITICAL require_once(): Failed opening required 'E:\www\wordpress/wp-includes/widgets/class-wp-widget-pic-letter.php' (include_path='.;C:\php\pear'), em E:\www\wordpress\wp-includes\default-widgets.php, na linha 68

2018-12-13T01:35:02+00:00 CRITICAL require_once(): Failed opening required 'E:\www\wordpress/wp-includes/widgets/class-wp-widget-pic-letter.php' (include_path='.;C:\php\pear'), em E:\www\wordpress\wp-includes\default-widgets.php, na linha 68

2018-12-13T01:36:44+00:00 CRITICAL require_once(): Failed opening required 'E:\www\wordpress/wp-includes/widgets/class-wp-widget-pic-letter.php' (include_path='.;C:\php\pear'), em E:\www\wordpress\wp-includes\default-widgets.php, na linha 68

2018-12-13T01:38:46+00:00 CRITICAL require_once(): Failed opening required 'E:\www\wordpress/wp-includes/widgets/class-wp-widget-pic-letter.php' (include_path='.;C:\php\pear'), em E:\www\wordpress\wp-includes\default-widgets.php, na linha 68

2018-12-13T01:40:46+00:00 CRITICAL require_once(): Failed opening required 'E:\www\wordpress/wp-includes/widgets/class-wp-widget-pic-letter.php' (include_path='.;C:\php\pear'), em E:\www\wordpress\wp-includes\default-widgets.php, na linha 68

2018-12-13T01:42:47+00:00 CRITICAL require_once(): Failed opening required 'E:\www\wordpress/wp-includes/widgets/class-wp-widget-pic-letter.php' (include_path='.;C:\php\pear'), em E:\www\wordpress\wp-includes\default-widgets.php, na linha 68

2018-12-13T01:44:48+00:00 CRITICAL require_once(): Failed opening required 'E:\www\wordpress/wp-includes/widgets/class-wp-widget-pic-letter.php' (include_path='.;C:\php\pear'), em E:\www\wordpress\wp-includes\default-widgets.php, na linha 68

2018-12-13T01:46:49+00:00 CRITICAL require_once(): Failed opening required 'E:\www\wordpress/wp-includes/widgets/class-wp-widget-pic-letter.php' (include_path='.;C:\php\pear'), em E:\www\wordpress\wp-includes\default-widgets.php, na linha 68

2018-12-13T01:48:50+00:00 CRITICAL require_once(): Failed opening required 'E:\www\wordpress/wp-includes/widgets/class-wp-widget-pic-letter.php' (include_path='.;C:\php\pear'), em E:\www\wordpress\wp-includes\default-widgets.php, na linha 68

2018-12-13T01:50:51+00:00 CRITICAL require_once(): Failed opening required 'E:\www\wordpress/wp-includes/widgets/class-wp-widget-pic-letter.php' (include_path='.;C:\php\pear'), em E:\www\wordpress\wp-includes\default-widgets.php, na linha 68

2018-12-13T01:52:52+00:00 CRITICAL require_once(): Failed opening required 'E:\www\wordpress/wp-includes/widgets/class-wp-widget-pic-letter.php' (include_path='.;C:\php\pear'), em E:\www\wordpress\wp-includes\default-widgets.php, na linha 68

2018-12-13T01:54:08+00:00 CRITICAL require_once(): Failed opening required 'E:\www\wordpress/wp-includes/widgets/class-wp-widget-pic-letter.php' (include_path='.;C:\php\pear'), em E:\www\wordpress\wp-includes\default-widgets.php, na linha 68

2018-12-13T02:03:19+00:00 CRITICAL require_once(): Failed opening required 'E:\www\wordpress/wp-includes/widgets/class-wp-widget-pic-letter.php' (include_path='.;C:\php\pear'), em E:\www\wordpress\wp-includes\default-widgets.php, na linha 68

2018-12-13T02:04:31+00:00 CRITICAL Uncaught Error: Class 'WP_Widget_Pic_Letter' not found in E:\www\wordpress\wp-includes\class-wp-widget-factory.php:100
Stack trace:
#0 E:\www\wordpress\wp-includes\widgets.php(115): WP_Widget_Factory->register('WP_Widget_Pic_L...')
#1 E:\www\wordpress\wp-includes\widgets.php(1657): register_widget('WP_Widget_Pic_L...')
#2 E:\www\wordpress\wp-includes\class-wp-hook.php(286): wp_widgets_init('')
#3 E:\www\wordpress\wp-includes\class-wp-hook.php(310): WP_Hook->apply_filters(NULL, Array)
#4 E:\www\wordpress\wp-includes\plugin.php(453): WP_Hook->do_action(Array)
#5 E:\www\wordpress\wp-settings.php(467): do_action('init')
#6 E:\www\wordpress\wp-config.php(89): require_once('E:\\www\\wordpres...')
#7 E:\www\wordpress\wp-load.php(37): require_once('E:\\www\\wordpres...')
#8 E:\www\wordpress\wp-admin\admin.php(31): require_once('E:\\www\\wordpres...')
#9 E:\www\wordpress\wp-admin\widgets.php(10): require_once('E:\\www\\wordpres...')
#10 {main}
  thrown, em E:\www\wordpress\wp-includes\class-wp-widget-factory.php, na linha 100

2018-12-13T02:08:18+00:00 CRITICAL Uncaught Error: Class 'WP_Widget_Pic_Letter' not found in E:\www\wordpress\wp-includes\class-wp-widget-factory.php:100
Stack trace:
#0 E:\www\wordpress\wp-includes\widgets.php(115): WP_Widget_Factory->register('WP_Widget_Pic_L...')
#1 E:\www\wordpress\wp-includes\widgets.php(1657): register_widget('WP_Widget_Pic_L...')
#2 E:\www\wordpress\wp-includes\class-wp-hook.php(286): wp_widgets_init('')
#3 E:\www\wordpress\wp-includes\class-wp-hook.php(310): WP_Hook->apply_filters(NULL, Array)
#4 E:\www\wordpress\wp-includes\plugin.php(453): WP_Hook->do_action(Array)
#5 E:\www\wordpress\wp-settings.php(467): do_action('init')
#6 E:\www\wordpress\wp-config.php(89): require_once('E:\\www\\wordpres...')
#7 E:\www\wordpress\wp-load.php(37): require_once('E:\\www\\wordpres...')
#8 E:\www\wordpress\wp-admin\admin.php(31): require_once('E:\\www\\wordpres...')
#9 E:\www\wordpress\wp-admin\widgets.php(10): require_once('E:\\www\\wordpres...')
#10 {main}
  thrown, em E:\www\wordpress\wp-includes\class-wp-widget-factory.php, na linha 100

2018-12-13T06:26:40+00:00 CRITICAL syntax error, unexpected ';', expecting ',' or ')', em E:\www\wordpress\wp-includes\widgets\photo-text\src\include\letter.php, na linha 25

2018-12-13T06:45:44+00:00 CRITICAL Uncaught Error: Call to undefined function getImageLetter() in E:\www\wordpress\wp-includes\widgets\photo-text\class-wp-widget-photo-text.php:28
Stack trace:
#0 E:\www\wordpress\wp-content\plugins\elementor\includes\widgets\wordpress.php(262): WP_Widget_Photo_Text->widget(Array, Array)
#1 E:\www\wordpress\wp-content\plugins\elementor\includes\base\widget-base.php(494): Elementor\Widget_WordPress->render()
#2 E:\www\wordpress\wp-content\plugins\elementor\includes\base\widget-base.php(629): Elementor\Widget_Base->render_content()
#3 E:\www\wordpress\wp-content\plugins\elementor\includes\base\element-base.php(661): Elementor\Widget_Base->_print_content()
#4 E:\www\wordpress\wp-content\plugins\elementor\includes\base\element-base.php(917): Elementor\Element_Base->print_element()
#5 E:\www\wordpress\wp-content\plugins\elementor\includes\base\element-base.php(661): Elementor\Element_Base->_print_content()
#6 E:\www\wordpress\wp-content\plugins\elementor\includes\base\element-base.php(917): Elementor\Element_Base->p, em E:\www\wordpress\wp-includes\widgets\photo-text\class-wp-widget-photo-text.php, na linha 28

