2019-01-22T10:07:43+00:00 CRITICAL Uncaught MercadoPagoException: Could not resolve host: api.mercadopago.com in E:\www\artesanato\wp-content\plugins\woocommerce-mercadopago\includes\sdk\lib\mercadopago.php:848
Stack trace:
#0 E:\www\artesanato\wp-content\plugins\woocommerce-mercadopago\includes\sdk\lib\mercadopago.php(946): MPRestClient::exec(Array, '3.0.17')
#1 E:\www\artesanato\wp-content\plugins\woocommerce-mercadopago\woocommerce-mercadopago.php(536): MPRestClient::get(Array, '3.0.17')
#2 E:\www\artesanato\wp-content\plugins\woocommerce-mercadopago\woocommerce-mercadopago.php(131): WC_Woo_Mercado_Pago_Module::get_categories()
#3 E:\www\artesanato\wp-content\plugins\woocommerce-mercadopago\woocommerce-mercadopago.php(123): WC_Woo_Mercado_Pago_Module->__construct()
#4 E:\www\artesanato\wp-includes\class-wp-hook.php(286): WC_Woo_Mercado_Pago_Module::init_mercado_pago_class('')
#5 E:\www\artesanato\wp-includes\class-wp-hook.php(310): WP_Hook->apply_filters(NULL, Array)
#6 E:\www\artesanato\wp-includes\plugin.php(453): WP_Hook->do_action(Array, em E:\www\artesanato\wp-content\plugins\woocommerce-mercadopago\includes\sdk\lib\mercadopago.php, na linha 848

2019-01-22T10:07:46+00:00 CRITICAL Uncaught MercadoPagoException: Could not resolve host: api.mercadopago.com in E:\www\artesanato\wp-content\plugins\woocommerce-mercadopago\includes\sdk\lib\mercadopago.php:848
Stack trace:
#0 E:\www\artesanato\wp-content\plugins\woocommerce-mercadopago\includes\sdk\lib\mercadopago.php(946): MPRestClient::exec(Array, '3.0.17')
#1 E:\www\artesanato\wp-content\plugins\woocommerce-mercadopago\woocommerce-mercadopago.php(536): MPRestClient::get(Array, '3.0.17')
#2 E:\www\artesanato\wp-content\plugins\woocommerce-mercadopago\woocommerce-mercadopago.php(131): WC_Woo_Mercado_Pago_Module::get_categories()
#3 E:\www\artesanato\wp-content\plugins\woocommerce-mercadopago\woocommerce-mercadopago.php(123): WC_Woo_Mercado_Pago_Module->__construct()
#4 E:\www\artesanato\wp-includes\class-wp-hook.php(286): WC_Woo_Mercado_Pago_Module::init_mercado_pago_class('')
#5 E:\www\artesanato\wp-includes\class-wp-hook.php(310): WP_Hook->apply_filters(NULL, Array)
#6 E:\www\artesanato\wp-includes\plugin.php(453): WP_Hook->do_action(Array, em E:\www\artesanato\wp-content\plugins\woocommerce-mercadopago\includes\sdk\lib\mercadopago.php, na linha 848

2019-01-22T10:51:22+00:00 CRITICAL Uncaught MercadoPagoException: Could not resolve host: api.mercadopago.com in E:\www\artesanato\wp-content\plugins\woocommerce-mercadopago\includes\sdk\lib\mercadopago.php:848
Stack trace:
#0 E:\www\artesanato\wp-content\plugins\woocommerce-mercadopago\includes\sdk\lib\mercadopago.php(946): MPRestClient::exec(Array, '3.0.17')
#1 E:\www\artesanato\wp-content\plugins\woocommerce-mercadopago\woocommerce-mercadopago.php(536): MPRestClient::get(Array, '3.0.17')
#2 E:\www\artesanato\wp-content\plugins\woocommerce-mercadopago\woocommerce-mercadopago.php(131): WC_Woo_Mercado_Pago_Module::get_categories()
#3 E:\www\artesanato\wp-content\plugins\woocommerce-mercadopago\woocommerce-mercadopago.php(123): WC_Woo_Mercado_Pago_Module->__construct()
#4 E:\www\artesanato\wp-includes\class-wp-hook.php(286): WC_Woo_Mercado_Pago_Module::init_mercado_pago_class('')
#5 E:\www\artesanato\wp-includes\class-wp-hook.php(310): WP_Hook->apply_filters(NULL, Array)
#6 E:\www\artesanato\wp-includes\plugin.php(453): WP_Hook->do_action(Array, em E:\www\artesanato\wp-content\plugins\woocommerce-mercadopago\includes\sdk\lib\mercadopago.php, na linha 848

2019-01-22T10:53:11+00:00 CRITICAL Uncaught MercadoPagoException: Could not resolve host: api.mercadopago.com in E:\www\artesanato\wp-content\plugins\woocommerce-mercadopago\includes\sdk\lib\mercadopago.php:848
Stack trace:
#0 E:\www\artesanato\wp-content\plugins\woocommerce-mercadopago\includes\sdk\lib\mercadopago.php(946): MPRestClient::exec(Array, '3.0.17')
#1 E:\www\artesanato\wp-content\plugins\woocommerce-mercadopago\woocommerce-mercadopago.php(536): MPRestClient::get(Array, '3.0.17')
#2 E:\www\artesanato\wp-content\plugins\woocommerce-mercadopago\woocommerce-mercadopago.php(131): WC_Woo_Mercado_Pago_Module::get_categories()
#3 E:\www\artesanato\wp-content\plugins\woocommerce-mercadopago\woocommerce-mercadopago.php(123): WC_Woo_Mercado_Pago_Module->__construct()
#4 E:\www\artesanato\wp-includes\class-wp-hook.php(286): WC_Woo_Mercado_Pago_Module::init_mercado_pago_class('')
#5 E:\www\artesanato\wp-includes\class-wp-hook.php(310): WP_Hook->apply_filters(NULL, Array)
#6 E:\www\artesanato\wp-includes\plugin.php(453): WP_Hook->do_action(Array, em E:\www\artesanato\wp-content\plugins\woocommerce-mercadopago\includes\sdk\lib\mercadopago.php, na linha 848

2019-01-22T10:55:12+00:00 CRITICAL Uncaught MercadoPagoException: Could not resolve host: api.mercadopago.com in E:\www\artesanato\wp-content\plugins\woocommerce-mercadopago\includes\sdk\lib\mercadopago.php:848
Stack trace:
#0 E:\www\artesanato\wp-content\plugins\woocommerce-mercadopago\includes\sdk\lib\mercadopago.php(946): MPRestClient::exec(Array, '3.0.17')
#1 E:\www\artesanato\wp-content\plugins\woocommerce-mercadopago\woocommerce-mercadopago.php(536): MPRestClient::get(Array, '3.0.17')
#2 E:\www\artesanato\wp-content\plugins\woocommerce-mercadopago\woocommerce-mercadopago.php(131): WC_Woo_Mercado_Pago_Module::get_categories()
#3 E:\www\artesanato\wp-content\plugins\woocommerce-mercadopago\woocommerce-mercadopago.php(123): WC_Woo_Mercado_Pago_Module->__construct()
#4 E:\www\artesanato\wp-includes\class-wp-hook.php(286): WC_Woo_Mercado_Pago_Module::init_mercado_pago_class('')
#5 E:\www\artesanato\wp-includes\class-wp-hook.php(310): WP_Hook->apply_filters(NULL, Array)
#6 E:\www\artesanato\wp-includes\plugin.php(453): WP_Hook->do_action(Array, em E:\www\artesanato\wp-content\plugins\woocommerce-mercadopago\includes\sdk\lib\mercadopago.php, na linha 848

2019-01-22T10:57:18+00:00 CRITICAL Uncaught MercadoPagoException: Could not resolve host: api.mercadopago.com in E:\www\artesanato\wp-content\plugins\woocommerce-mercadopago\includes\sdk\lib\mercadopago.php:848
Stack trace:
#0 E:\www\artesanato\wp-content\plugins\woocommerce-mercadopago\includes\sdk\lib\mercadopago.php(946): MPRestClient::exec(Array, '3.0.17')
#1 E:\www\artesanato\wp-content\plugins\woocommerce-mercadopago\woocommerce-mercadopago.php(536): MPRestClient::get(Array, '3.0.17')
#2 E:\www\artesanato\wp-content\plugins\woocommerce-mercadopago\woocommerce-mercadopago.php(131): WC_Woo_Mercado_Pago_Module::get_categories()
#3 E:\www\artesanato\wp-content\plugins\woocommerce-mercadopago\woocommerce-mercadopago.php(123): WC_Woo_Mercado_Pago_Module->__construct()
#4 E:\www\artesanato\wp-includes\class-wp-hook.php(286): WC_Woo_Mercado_Pago_Module::init_mercado_pago_class('')
#5 E:\www\artesanato\wp-includes\class-wp-hook.php(310): WP_Hook->apply_filters(NULL, Array)
#6 E:\www\artesanato\wp-includes\plugin.php(453): WP_Hook->do_action(Array, em E:\www\artesanato\wp-content\plugins\woocommerce-mercadopago\includes\sdk\lib\mercadopago.php, na linha 848

